ARM GAS  /tmp/ccKKxBFP.s 			page 1


   1              		.cpu cortex-m3
   2              		.eabi_attribute 20, 1
   3              		.eabi_attribute 21, 1
   4              		.eabi_attribute 23, 3
   5              		.eabi_attribute 24, 1
   6              		.eabi_attribute 25, 1
   7              		.eabi_attribute 26, 1
   8              		.eabi_attribute 30, 1
   9              		.eabi_attribute 34, 1
  10              		.eabi_attribute 18, 4
  11              		.file	"gpio.c"
  12              		.text
  13              	.Ltext0:
  14              		.cfi_sections	.debug_frame
  15              		.section	.text.MX_GPIO_Init,"ax",%progbits
  16              		.align	1
  17              		.global	MX_GPIO_Init
  18              		.syntax unified
  19              		.thumb
  20              		.thumb_func
  21              		.fpu softvfp
  23              	MX_GPIO_Init:
  24              	.LFB66:
  25              		.file 1 "Src/gpio.c"
   1:Src/gpio.c    **** /**
   2:Src/gpio.c    ****   ******************************************************************************
   3:Src/gpio.c    ****   * File Name          : gpio.c
   4:Src/gpio.c    ****   * Description        : This file provides code for the configuration
   5:Src/gpio.c    ****   *                      of all used GPIO pins.
   6:Src/gpio.c    ****   ******************************************************************************
   7:Src/gpio.c    ****   * @attention
   8:Src/gpio.c    ****   *
   9:Src/gpio.c    ****   * <h2><center>&copy; Copyright (c) 2019 STMicroelectronics.
  10:Src/gpio.c    ****   * All rights reserved.</center></h2>
  11:Src/gpio.c    ****   *
  12:Src/gpio.c    ****   * This software component is licensed by ST under Ultimate Liberty license
  13:Src/gpio.c    ****   * SLA0044, the "License"; You may not use this file except in compliance with
  14:Src/gpio.c    ****   * the License. You may obtain a copy of the License at:
  15:Src/gpio.c    ****   *                             www.st.com/SLA0044
  16:Src/gpio.c    ****   *
  17:Src/gpio.c    ****   ******************************************************************************
  18:Src/gpio.c    ****   */
  19:Src/gpio.c    **** 
  20:Src/gpio.c    **** /* Includes ------------------------------------------------------------------*/
  21:Src/gpio.c    **** #include "gpio.h"
  22:Src/gpio.c    **** /* USER CODE BEGIN 0 */
  23:Src/gpio.c    **** 
  24:Src/gpio.c    **** /* USER CODE END 0 */
  25:Src/gpio.c    **** 
  26:Src/gpio.c    **** /*----------------------------------------------------------------------------*/
  27:Src/gpio.c    **** /* Configure GPIO                                                             */
  28:Src/gpio.c    **** /*----------------------------------------------------------------------------*/
  29:Src/gpio.c    **** /* USER CODE BEGIN 1 */
  30:Src/gpio.c    **** 
  31:Src/gpio.c    **** /* USER CODE END 1 */
  32:Src/gpio.c    **** 
  33:Src/gpio.c    **** /** Configure pins as 
ARM GAS  /tmp/ccKKxBFP.s 			page 2


  34:Src/gpio.c    ****         * Analog 
  35:Src/gpio.c    ****         * Input 
  36:Src/gpio.c    ****         * Output
  37:Src/gpio.c    ****         * EVENT_OUT
  38:Src/gpio.c    ****         * EXTI
  39:Src/gpio.c    **** */
  40:Src/gpio.c    **** void MX_GPIO_Init(void)
  41:Src/gpio.c    **** {
  26              		.loc 1 41 0
  27              		.cfi_startproc
  28              		@ args = 0, pretend = 0, frame = 40
  29              		@ frame_needed = 0, uses_anonymous_args = 0
  30 0000 2DE9F04F 		push	{r4, r5, r6, r7, r8, r9, r10, fp, lr}
  31              	.LCFI0:
  32              		.cfi_def_cfa_offset 36
  33              		.cfi_offset 4, -36
  34              		.cfi_offset 5, -32
  35              		.cfi_offset 6, -28
  36              		.cfi_offset 7, -24
  37              		.cfi_offset 8, -20
  38              		.cfi_offset 9, -16
  39              		.cfi_offset 10, -12
  40              		.cfi_offset 11, -8
  41              		.cfi_offset 14, -4
  42 0004 8BB0     		sub	sp, sp, #44
  43              	.LCFI1:
  44              		.cfi_def_cfa_offset 80
  42:Src/gpio.c    **** 
  43:Src/gpio.c    ****   GPIO_InitTypeDef GPIO_InitStruct = {0};
  45              		.loc 1 43 0
  46 0006 0024     		movs	r4, #0
  47 0008 0694     		str	r4, [sp, #24]
  48 000a 0794     		str	r4, [sp, #28]
  49 000c 0894     		str	r4, [sp, #32]
  50 000e 0994     		str	r4, [sp, #36]
  51              	.LBB2:
  44:Src/gpio.c    **** 
  45:Src/gpio.c    ****   /* GPIO Ports Clock Enable */
  46:Src/gpio.c    ****   __HAL_RCC_GPIOE_CLK_ENABLE();
  52              		.loc 1 46 0
  53 0010 4B4B     		ldr	r3, .L3
  54 0012 9A69     		ldr	r2, [r3, #24]
  55 0014 42F04002 		orr	r2, r2, #64
  56 0018 9A61     		str	r2, [r3, #24]
  57 001a 9A69     		ldr	r2, [r3, #24]
  58 001c 02F04002 		and	r2, r2, #64
  59 0020 0192     		str	r2, [sp, #4]
  60 0022 019A     		ldr	r2, [sp, #4]
  61              	.LBE2:
  62              	.LBB3:
  47:Src/gpio.c    ****   __HAL_RCC_GPIOC_CLK_ENABLE();
  63              		.loc 1 47 0
  64 0024 9A69     		ldr	r2, [r3, #24]
  65 0026 42F01002 		orr	r2, r2, #16
  66 002a 9A61     		str	r2, [r3, #24]
  67 002c 9A69     		ldr	r2, [r3, #24]
  68 002e 02F01002 		and	r2, r2, #16
ARM GAS  /tmp/ccKKxBFP.s 			page 3


  69 0032 0292     		str	r2, [sp, #8]
  70 0034 029A     		ldr	r2, [sp, #8]
  71              	.LBE3:
  72              	.LBB4:
  48:Src/gpio.c    ****   __HAL_RCC_GPIOA_CLK_ENABLE();
  73              		.loc 1 48 0
  74 0036 9A69     		ldr	r2, [r3, #24]
  75 0038 42F00402 		orr	r2, r2, #4
  76 003c 9A61     		str	r2, [r3, #24]
  77 003e 9A69     		ldr	r2, [r3, #24]
  78 0040 02F00402 		and	r2, r2, #4
  79 0044 0392     		str	r2, [sp, #12]
  80 0046 039A     		ldr	r2, [sp, #12]
  81              	.LBE4:
  82              	.LBB5:
  49:Src/gpio.c    ****   __HAL_RCC_GPIOB_CLK_ENABLE();
  83              		.loc 1 49 0
  84 0048 9A69     		ldr	r2, [r3, #24]
  85 004a 42F00802 		orr	r2, r2, #8
  86 004e 9A61     		str	r2, [r3, #24]
  87 0050 9A69     		ldr	r2, [r3, #24]
  88 0052 02F00802 		and	r2, r2, #8
  89 0056 0492     		str	r2, [sp, #16]
  90 0058 049A     		ldr	r2, [sp, #16]
  91              	.LBE5:
  92              	.LBB6:
  50:Src/gpio.c    ****   __HAL_RCC_GPIOD_CLK_ENABLE();
  93              		.loc 1 50 0
  94 005a 9A69     		ldr	r2, [r3, #24]
  95 005c 42F02002 		orr	r2, r2, #32
  96 0060 9A61     		str	r2, [r3, #24]
  97 0062 9B69     		ldr	r3, [r3, #24]
  98 0064 03F02003 		and	r3, r3, #32
  99 0068 0593     		str	r3, [sp, #20]
 100 006a 059B     		ldr	r3, [sp, #20]
 101              	.LBE6:
  51:Src/gpio.c    **** 
  52:Src/gpio.c    ****   /*Configure GPIO pin Output Level */
  53:Src/gpio.c    ****   HAL_GPIO_WritePin(GPIOE, O12_Pin|O11_Pin|O13_Pin|O14_Pin 
 102              		.loc 1 53 0
 103 006c DFF8D8B0 		ldr	fp, .L3+8
 104 0070 2246     		mov	r2, r4
 105 0072 7C21     		movs	r1, #124
 106 0074 5846     		mov	r0, fp
 107 0076 FFF7FEFF 		bl	HAL_GPIO_WritePin
 108              	.LVL0:
  54:Src/gpio.c    ****                           |O15_Pin, GPIO_PIN_RESET);
  55:Src/gpio.c    **** 
  56:Src/gpio.c    ****   /*Configure GPIO pin Output Level */
  57:Src/gpio.c    ****   HAL_GPIO_WritePin(GPIOC, O16_Pin|O17_Pin|O18_Pin|O19_Pin 
 109              		.loc 1 57 0
 110 007a DFF8D0A0 		ldr	r10, .L3+12
 111 007e 2246     		mov	r2, r4
 112 0080 42F2DF31 		movw	r1, #9183
 113 0084 5046     		mov	r0, r10
 114 0086 FFF7FEFF 		bl	HAL_GPIO_WritePin
 115              	.LVL1:
ARM GAS  /tmp/ccKKxBFP.s 			page 4


  58:Src/gpio.c    ****                           |O20_Pin|BT_RESET_Pin|O6_Pin|O7_Pin 
  59:Src/gpio.c    ****                           |O8_Pin|O9_Pin, GPIO_PIN_RESET);
  60:Src/gpio.c    **** 
  61:Src/gpio.c    ****   /*Configure GPIO pin Output Level */
  62:Src/gpio.c    ****   HAL_GPIO_WritePin(DHT11_GPIO_Port, DHT11_Pin, GPIO_PIN_SET);
 116              		.loc 1 62 0
 117 008a 2E4F     		ldr	r7, .L3+4
 118 008c 0122     		movs	r2, #1
 119 008e 0221     		movs	r1, #2
 120 0090 3846     		mov	r0, r7
 121 0092 FFF7FEFF 		bl	HAL_GPIO_WritePin
 122              	.LVL2:
  63:Src/gpio.c    **** 
  64:Src/gpio.c    ****   /*Configure GPIO pin Output Level */
  65:Src/gpio.c    ****   HAL_GPIO_WritePin(GPIOB, LED_GREEN_Pin|LED_RED_Pin|O1_Pin|O2_Pin 
 123              		.loc 1 65 0
 124 0096 DFF8B890 		ldr	r9, .L3+16
 125 009a 2246     		mov	r2, r4
 126 009c 4FF20301 		movw	r1, #61443
 127 00a0 4846     		mov	r0, r9
 128 00a2 FFF7FEFF 		bl	HAL_GPIO_WritePin
 129              	.LVL3:
  66:Src/gpio.c    ****                           |RESET_LCD_Pin|O3_Pin, GPIO_PIN_RESET);
  67:Src/gpio.c    **** 
  68:Src/gpio.c    ****   /*Configure GPIO pin Output Level */
  69:Src/gpio.c    ****   HAL_GPIO_WritePin(GPIOD, O4_Pin|O5_Pin, GPIO_PIN_RESET);
 130              		.loc 1 69 0
 131 00a6 DFF8AC80 		ldr	r8, .L3+20
 132 00aa 2246     		mov	r2, r4
 133 00ac 4FF44051 		mov	r1, #12288
 134 00b0 4046     		mov	r0, r8
 135 00b2 FFF7FEFF 		bl	HAL_GPIO_WritePin
 136              	.LVL4:
  70:Src/gpio.c    **** 
  71:Src/gpio.c    ****   /*Configure GPIO pin Output Level */
  72:Src/gpio.c    ****   HAL_GPIO_WritePin(GPIOA, O10_Pin|USB_DISCONNECT_PIN_Pin, GPIO_PIN_RESET);
 137              		.loc 1 72 0
 138 00b6 2246     		mov	r2, r4
 139 00b8 4FF4A061 		mov	r1, #1280
 140 00bc 3846     		mov	r0, r7
 141 00be FFF7FEFF 		bl	HAL_GPIO_WritePin
 142              	.LVL5:
  73:Src/gpio.c    **** 
  74:Src/gpio.c    ****   /*Configure GPIO pins : PEPin PEPin PEPin PEPin 
  75:Src/gpio.c    ****                            PEPin */
  76:Src/gpio.c    ****   GPIO_InitStruct.Pin = O12_Pin|O11_Pin|O13_Pin|O14_Pin 
 143              		.loc 1 76 0
 144 00c2 7C23     		movs	r3, #124
 145 00c4 0693     		str	r3, [sp, #24]
  77:Src/gpio.c    ****                           |O15_Pin;
  78:Src/gpio.c    ****   GPIO_InitStruct.Mode = GPIO_MODE_OUTPUT_PP;
 146              		.loc 1 78 0
 147 00c6 0126     		movs	r6, #1
 148 00c8 0796     		str	r6, [sp, #28]
  79:Src/gpio.c    ****   GPIO_InitStruct.Pull = GPIO_NOPULL;
 149              		.loc 1 79 0
 150 00ca 0894     		str	r4, [sp, #32]
ARM GAS  /tmp/ccKKxBFP.s 			page 5


  80:Src/gpio.c    ****   GPIO_InitStruct.Speed = GPIO_SPEED_FREQ_LOW;
 151              		.loc 1 80 0
 152 00cc 0225     		movs	r5, #2
 153 00ce 0995     		str	r5, [sp, #36]
  81:Src/gpio.c    ****   HAL_GPIO_Init(GPIOE, &GPIO_InitStruct);
 154              		.loc 1 81 0
 155 00d0 06A9     		add	r1, sp, #24
 156 00d2 5846     		mov	r0, fp
 157 00d4 FFF7FEFF 		bl	HAL_GPIO_Init
 158              	.LVL6:
  82:Src/gpio.c    **** 
  83:Src/gpio.c    ****   /*Configure GPIO pins : PCPin PCPin PCPin PCPin 
  84:Src/gpio.c    ****                            PCPin PCPin PCPin PCPin 
  85:Src/gpio.c    ****                            PCPin PCPin */
  86:Src/gpio.c    ****   GPIO_InitStruct.Pin = O16_Pin|O17_Pin|O18_Pin|O19_Pin 
 159              		.loc 1 86 0
 160 00d8 42F2DF33 		movw	r3, #9183
 161 00dc 0693     		str	r3, [sp, #24]
  87:Src/gpio.c    ****                           |O20_Pin|BT_RESET_Pin|O6_Pin|O7_Pin 
  88:Src/gpio.c    ****                           |O8_Pin|O9_Pin;
  89:Src/gpio.c    ****   GPIO_InitStruct.Mode = GPIO_MODE_OUTPUT_PP;
 162              		.loc 1 89 0
 163 00de 0796     		str	r6, [sp, #28]
  90:Src/gpio.c    ****   GPIO_InitStruct.Pull = GPIO_NOPULL;
 164              		.loc 1 90 0
 165 00e0 0894     		str	r4, [sp, #32]
  91:Src/gpio.c    ****   GPIO_InitStruct.Speed = GPIO_SPEED_FREQ_LOW;
 166              		.loc 1 91 0
 167 00e2 0995     		str	r5, [sp, #36]
  92:Src/gpio.c    ****   HAL_GPIO_Init(GPIOC, &GPIO_InitStruct);
 168              		.loc 1 92 0
 169 00e4 06A9     		add	r1, sp, #24
 170 00e6 5046     		mov	r0, r10
 171 00e8 FFF7FEFF 		bl	HAL_GPIO_Init
 172              	.LVL7:
  93:Src/gpio.c    **** 
  94:Src/gpio.c    ****   /*Configure GPIO pin : PtPin */
  95:Src/gpio.c    ****   GPIO_InitStruct.Pin = DHT11_Pin;
 173              		.loc 1 95 0
 174 00ec 0695     		str	r5, [sp, #24]
  96:Src/gpio.c    ****   GPIO_InitStruct.Mode = GPIO_MODE_OUTPUT_OD;
 175              		.loc 1 96 0
 176 00ee 1123     		movs	r3, #17
 177 00f0 0793     		str	r3, [sp, #28]
  97:Src/gpio.c    ****   GPIO_InitStruct.Pull = GPIO_PULLUP;
 178              		.loc 1 97 0
 179 00f2 0896     		str	r6, [sp, #32]
  98:Src/gpio.c    ****   GPIO_InitStruct.Speed = GPIO_SPEED_FREQ_LOW;
 180              		.loc 1 98 0
 181 00f4 0995     		str	r5, [sp, #36]
  99:Src/gpio.c    ****   HAL_GPIO_Init(DHT11_GPIO_Port, &GPIO_InitStruct);
 182              		.loc 1 99 0
 183 00f6 06A9     		add	r1, sp, #24
 184 00f8 3846     		mov	r0, r7
 185 00fa FFF7FEFF 		bl	HAL_GPIO_Init
 186              	.LVL8:
 100:Src/gpio.c    **** 
ARM GAS  /tmp/ccKKxBFP.s 			page 6


 101:Src/gpio.c    ****   /*Configure GPIO pins : PBPin PBPin PBPin PBPin 
 102:Src/gpio.c    ****                            PBPin PBPin */
 103:Src/gpio.c    ****   GPIO_InitStruct.Pin = LED_GREEN_Pin|LED_RED_Pin|O1_Pin|O2_Pin 
 187              		.loc 1 103 0
 188 00fe 4FF20303 		movw	r3, #61443
 189 0102 0693     		str	r3, [sp, #24]
 104:Src/gpio.c    ****                           |RESET_LCD_Pin|O3_Pin;
 105:Src/gpio.c    ****   GPIO_InitStruct.Mode = GPIO_MODE_OUTPUT_PP;
 190              		.loc 1 105 0
 191 0104 0796     		str	r6, [sp, #28]
 106:Src/gpio.c    ****   GPIO_InitStruct.Pull = GPIO_NOPULL;
 192              		.loc 1 106 0
 193 0106 0894     		str	r4, [sp, #32]
 107:Src/gpio.c    ****   GPIO_InitStruct.Speed = GPIO_SPEED_FREQ_LOW;
 194              		.loc 1 107 0
 195 0108 0995     		str	r5, [sp, #36]
 108:Src/gpio.c    ****   HAL_GPIO_Init(GPIOB, &GPIO_InitStruct);
 196              		.loc 1 108 0
 197 010a 06A9     		add	r1, sp, #24
 198 010c 4846     		mov	r0, r9
 199 010e FFF7FEFF 		bl	HAL_GPIO_Init
 200              	.LVL9:
 109:Src/gpio.c    **** 
 110:Src/gpio.c    ****   /*Configure GPIO pins : PDPin PDPin */
 111:Src/gpio.c    ****   GPIO_InitStruct.Pin = O4_Pin|O5_Pin;
 201              		.loc 1 111 0
 202 0112 4FF44053 		mov	r3, #12288
 203 0116 0693     		str	r3, [sp, #24]
 112:Src/gpio.c    ****   GPIO_InitStruct.Mode = GPIO_MODE_OUTPUT_PP;
 204              		.loc 1 112 0
 205 0118 0796     		str	r6, [sp, #28]
 113:Src/gpio.c    ****   GPIO_InitStruct.Pull = GPIO_NOPULL;
 206              		.loc 1 113 0
 207 011a 0894     		str	r4, [sp, #32]
 114:Src/gpio.c    ****   GPIO_InitStruct.Speed = GPIO_SPEED_FREQ_LOW;
 208              		.loc 1 114 0
 209 011c 0995     		str	r5, [sp, #36]
 115:Src/gpio.c    ****   HAL_GPIO_Init(GPIOD, &GPIO_InitStruct);
 210              		.loc 1 115 0
 211 011e 06A9     		add	r1, sp, #24
 212 0120 4046     		mov	r0, r8
 213 0122 FFF7FEFF 		bl	HAL_GPIO_Init
 214              	.LVL10:
 116:Src/gpio.c    **** 
 117:Src/gpio.c    ****   /*Configure GPIO pins : PAPin PAPin */
 118:Src/gpio.c    ****   GPIO_InitStruct.Pin = O10_Pin|USB_DISCONNECT_PIN_Pin;
 215              		.loc 1 118 0
 216 0126 4FF4A063 		mov	r3, #1280
 217 012a 0693     		str	r3, [sp, #24]
 119:Src/gpio.c    ****   GPIO_InitStruct.Mode = GPIO_MODE_OUTPUT_PP;
 218              		.loc 1 119 0
 219 012c 0796     		str	r6, [sp, #28]
 120:Src/gpio.c    ****   GPIO_InitStruct.Pull = GPIO_NOPULL;
 220              		.loc 1 120 0
 221 012e 0894     		str	r4, [sp, #32]
 121:Src/gpio.c    ****   GPIO_InitStruct.Speed = GPIO_SPEED_FREQ_LOW;
 222              		.loc 1 121 0
ARM GAS  /tmp/ccKKxBFP.s 			page 7


 223 0130 0995     		str	r5, [sp, #36]
 122:Src/gpio.c    ****   HAL_GPIO_Init(GPIOA, &GPIO_InitStruct);
 224              		.loc 1 122 0
 225 0132 06A9     		add	r1, sp, #24
 226 0134 3846     		mov	r0, r7
 227 0136 FFF7FEFF 		bl	HAL_GPIO_Init
 228              	.LVL11:
 123:Src/gpio.c    **** 
 124:Src/gpio.c    **** }
 229              		.loc 1 124 0
 230 013a 0BB0     		add	sp, sp, #44
 231              	.LCFI2:
 232              		.cfi_def_cfa_offset 36
 233              		@ sp needed
 234 013c BDE8F08F 		pop	{r4, r5, r6, r7, r8, r9, r10, fp, pc}
 235              	.L4:
 236              		.align	2
 237              	.L3:
 238 0140 00100240 		.word	1073876992
 239 0144 00080140 		.word	1073809408
 240 0148 00180140 		.word	1073813504
 241 014c 00100140 		.word	1073811456
 242 0150 000C0140 		.word	1073810432
 243 0154 00140140 		.word	1073812480
 244              		.cfi_endproc
 245              	.LFE66:
 247              		.text
 248              	.Letext0:
 249              		.file 2 "/usr/arm-none-eabi/include/machine/_default_types.h"
 250              		.file 3 "/usr/arm-none-eabi/include/sys/_stdint.h"
 251              		.file 4 "Drivers/CMSIS/Include/core_cm3.h"
 252              		.file 5 "Drivers/CMSIS/Device/ST/STM32F1xx/Include/system_stm32f1xx.h"
 253              		.file 6 "Drivers/CMSIS/Device/ST/STM32F1xx/Include/stm32f103xe.h"
 254              		.file 7 "/usr/arm-none-eabi/include/sys/lock.h"
 255              		.file 8 "/usr/arm-none-eabi/include/sys/_types.h"
 256              		.file 9 "/usr/lib/gcc/arm-none-eabi/7.3.1/include/stddef.h"
 257              		.file 10 "/usr/arm-none-eabi/include/sys/reent.h"
 258              		.file 11 "Drivers/STM32F1xx_HAL_Driver/Inc/stm32f1xx_hal_gpio.h"
 259              		.file 12 "Drivers/STM32F1xx_HAL_Driver/Inc/stm32f1xx_hal.h"
ARM GAS  /tmp/ccKKxBFP.s 			page 8


DEFINED SYMBOLS
                            *ABS*:0000000000000000 gpio.c
     /tmp/ccKKxBFP.s:16     .text.MX_GPIO_Init:0000000000000000 $t
     /tmp/ccKKxBFP.s:23     .text.MX_GPIO_Init:0000000000000000 MX_GPIO_Init
     /tmp/ccKKxBFP.s:238    .text.MX_GPIO_Init:0000000000000140 $d

UNDEFINED SYMBOLS
HAL_GPIO_WritePin
HAL_GPIO_Init
